MDG-a_10_n500_m50.txt
7546	469109
MDG-a_1_n500_m50.txt
7606.43	458592
MDG-a_2_n500_m50.txt
7531.2	455315
MDG-a_3_n500_m50.txt
7549.21	462085
MDG-a_4_n500_m50.txt
7583.71	462868
MDG-a_5_n500_m50.txt
7576.64	464691
MDG-a_6_n500_m50.txt
7543.12	498577
MDG-a_7_n500_m50.txt
7602.49	489452
MDG-a_8_n500_m50.txt
7576.13	465656
MDG-a_9_n500_m50.txt
7482.36	454895
MDG-b_21_n2000_m200.txt
1.09583e+07	4142286
MDG-b_22_n2000_m200.txt
1.10169e+07	4178278
MDG-b_23_n2000_m200.txt
1.09881e+07	3974655
MDG-b_24_n2000_m200.txt
1.10149e+07	3925349
MDG-b_25_n2000_m200.txt
1.09978e+07	3975926
MDG-b_26_n2000_m200.txt
1.10357e+07	3829929
MDG-b_27_n2000_m200.txt
1.10198e+07	3908943
MDG-b_28_n2000_m200.txt
1.09957e+07	4053709
MDG-b_29_n2000_m200.txt
1.09902e+07	3783485
MDG-b_30_n2000_m200.txt
1.09548e+07	3711837
MDG-c_10_n3000_m400.txt
4.24863e+07	17078672
MDG-c_13_n3000_m500.txt
6.58725e+07	28351554
MDG-c_14_n3000_m500.txt
6.57757e+07	28700188
MDG-c_15_n3000_m500.txt
6.58417e+07	27971402
MDG-c_19_n3000_m600.txt
9.42469e+07	43510025
MDG-c_1_n3000_m300.txt
2.42821e+07	8611386
MDG-c_20_n3000_m600.txt
9.41335e+07	45460966
MDG-c_2_n3000_m300.txt
2.42682e+07	8321861
MDG-c_8_n3000_m400.txt
4.25578e+07	17436660
MDG-c_9_n3000_m400.txt
4.25317e+07	15942423
