MDG-a_10_n500_m50.txt
7556.43	812394
MDG-a_1_n500_m50.txt
7619.49	767915
MDG-a_2_n500_m50.txt
7570.83	877573
MDG-a_3_n500_m50.txt
7503.08	784187
MDG-a_4_n500_m50.txt
7647.03	765555
MDG-a_5_n500_m50.txt
7589.33	952097
MDG-a_6_n500_m50.txt
7572.45	795928
MDG-a_7_n500_m50.txt
7544.8	776986
MDG-a_8_n500_m50.txt
7685.36	809021
MDG-a_9_n500_m50.txt
7543.38	814087
MDG-b_21_n2000_m200.txt
1.11064e+07	13693755
MDG-b_22_n2000_m200.txt
1.11101e+07	13794178
MDG-b_23_n2000_m200.txt
1.10809e+07	11891150
MDG-b_24_n2000_m200.txt
1.10457e+07	13650715
MDG-b_25_n2000_m200.txt
1.10741e+07	12921480
MDG-b_26_n2000_m200.txt
1.11319e+07	12929545
MDG-b_27_n2000_m200.txt
1.11312e+07	13289784
MDG-b_28_n2000_m200.txt
1.10419e+07	12398470
MDG-b_29_n2000_m200.txt
1.10777e+07	12841550
MDG-b_30_n2000_m200.txt
1.10851e+07	13683626
MDG-c_10_n3000_m400.txt
4.28702e+07	53228285
MDG-c_13_n3000_m500.txt
6.622e+07	76223612
MDG-c_14_n3000_m500.txt
6.62184e+07	75835012
MDG-c_15_n3000_m500.txt
6.63984e+07	83153777
MDG-c_19_n3000_m600.txt
9.47235e+07	103087192
MDG-c_1_n3000_m300.txt
2.4532e+07	37355224
MDG-c_20_n3000_m600.txt
9.46894e+07	118970907
MDG-c_2_n3000_m300.txt
2.44825e+07	40212205
MDG-c_8_n3000_m400.txt
4.28464e+07	58007991
MDG-c_9_n3000_m400.txt
4.27711e+07	56340880
matrix.txt
529	58507
