MDG-a_10_n500_m50.txt
7663.94	10365087
MDG-a_1_n500_m50.txt
7683.69	10150191
MDG-a_2_n500_m50.txt
7657.25	9829622
MDG-a_3_n500_m50.txt
7675.05	11019512
MDG-a_4_n500_m50.txt
7678.99	9896829
MDG-a_5_n500_m50.txt
7740.06	10893071
MDG-a_6_n500_m50.txt
7652.06	10032742
MDG-a_7_n500_m50.txt
7571.01	9912819
MDG-a_8_n500_m50.txt
7628.95	9699257
MDG-a_9_n500_m50.txt
7724.38	9112732
MDG-b_21_n2000_m200.txt
1.09693e+07	199095038
MDG-b_22_n2000_m200.txt
1.09998e+07	199745140
MDG-b_23_n2000_m200.txt
1.09963e+07	199762802
MDG-b_24_n2000_m200.txt
1.09971e+07	190432824
MDG-b_25_n2000_m200.txt
1.09892e+07	198110207
MDG-b_26_n2000_m200.txt
1.10151e+07	184646723
MDG-b_27_n2000_m200.txt
1.1015e+07	210240765
MDG-b_28_n2000_m200.txt
1.10051e+07	231211107
MDG-b_29_n2000_m200.txt
1.10646e+07	203363184
MDG-b_30_n2000_m200.txt
1.10126e+07	189145069
MDG-c_10_n3000_m400.txt
4.23465e+07	483938286
MDG-c_13_n3000_m500.txt
6.56099e+07	511228891
MDG-c_14_n3000_m500.txt
6.55341e+07	508963152
MDG-c_15_n3000_m500.txt
6.56311e+07	481518622
MDG-c_19_n3000_m600.txt
9.39429e+07	525999349
MDG-c_1_n3000_m300.txt
2.41189e+07	566015808
MDG-c_20_n3000_m600.txt
9.38482e+07	620320702
MDG-c_2_n3000_m300.txt
2.40513e+07	521172979
MDG-c_8_n3000_m400.txt
4.22199e+07	534495041
MDG-c_9_n3000_m400.txt
4.23453e+07	521525889
matrix.txt
529	49883
