MDG-a_10_n500_m50.txt
7632.06	483483
MDG-a_1_n500_m50.txt
7654.9	480452
MDG-a_2_n500_m50.txt
7547.68	509040
MDG-a_3_n500_m50.txt
7519.04	508002
MDG-a_4_n500_m50.txt
7610.64	482490
MDG-a_5_n500_m50.txt
7407.01	478647
MDG-a_6_n500_m50.txt
7527.78	479164
MDG-a_7_n500_m50.txt
7562.01	487009
MDG-a_8_n500_m50.txt
7566.41	520020
MDG-a_9_n500_m50.txt
7596.54	529452
MDG-b_21_n2000_m200.txt
1.06283e+07	4498592
MDG-b_22_n2000_m200.txt
1.0622e+07	4340460
MDG-b_23_n2000_m200.txt
1.06091e+07	4384085
MDG-b_24_n2000_m200.txt
1.06184e+07	4432720
MDG-b_25_n2000_m200.txt
1.06211e+07	4340042
MDG-b_26_n2000_m200.txt
1.06119e+07	4344922
MDG-b_27_n2000_m200.txt
1.06114e+07	4362865
MDG-b_28_n2000_m200.txt
1.06138e+07	4345274
MDG-b_29_n2000_m200.txt
1.06378e+07	4299174
MDG-b_30_n2000_m200.txt
1.0635e+07	4443383
MDG-c_10_n3000_m400.txt
4.1418e+07	21219578
MDG-c_13_n3000_m500.txt
6.43868e+07	33002240
MDG-c_14_n3000_m500.txt
6.43329e+07	35777888
MDG-c_15_n3000_m500.txt
6.44661e+07	38203881
MDG-c_19_n3000_m600.txt
9.2365e+07	67665293
MDG-c_1_n3000_m300.txt
2.34601e+07	15115769
MDG-c_20_n3000_m600.txt
9.24219e+07	61606925
MDG-c_2_n3000_m300.txt
2.34898e+07	13505233
MDG-c_8_n3000_m400.txt
4.1404e+07	25190945
MDG-c_9_n3000_m400.txt
4.13057e+07	25698751
matrix.txt
529	45859
