MDG-a_10_n500_m50.txt
7617.89	10871114
MDG-a_1_n500_m50.txt
7601.11	11662399
MDG-a_2_n500_m50.txt
7572.8	11152020
MDG-a_3_n500_m50.txt
7702.53	10884183
MDG-a_4_n500_m50.txt
7676.09	10876183
MDG-a_5_n500_m50.txt
7605.72	10696260
MDG-a_6_n500_m50.txt
7645.27	12066444
MDG-a_7_n500_m50.txt
7680.32	11175787
MDG-a_8_n500_m50.txt
7679.57	12896846
MDG-a_9_n500_m50.txt
7587.12	11927930
MDG-b_21_n2000_m200.txt
1.10702e+07	254436971
MDG-b_22_n2000_m200.txt
1.10306e+07	246952259
MDG-b_23_n2000_m200.txt
1.10726e+07	253921309
MDG-b_24_n2000_m200.txt
1.10572e+07	255226253
MDG-b_25_n2000_m200.txt
1.10835e+07	256161603
MDG-b_26_n2000_m200.txt
1.11077e+07	247732349
MDG-b_27_n2000_m200.txt
1.10123e+07	264192140
MDG-b_28_n2000_m200.txt
1.1056e+07	253778253
MDG-b_29_n2000_m200.txt
1.10448e+07	255396143
MDG-b_30_n2000_m200.txt
1.10466e+07	236716595
MDG-c_10_n3000_m400.txt
4.25122e+07	668473568
MDG-c_13_n3000_m500.txt
6.5929e+07	749235330
MDG-c_14_n3000_m500.txt
6.58082e+07	763053962
MDG-c_15_n3000_m500.txt
6.59677e+07	768540952
MDG-c_19_n3000_m600.txt
9.41974e+07	850940046
MDG-c_1_n3000_m300.txt
2.43166e+07	631500892
MDG-c_20_n3000_m600.txt
9.42432e+07	853029552
MDG-c_2_n3000_m300.txt
2.42679e+07	629200904
MDG-c_8_n3000_m400.txt
4.26184e+07	653891328
MDG-c_9_n3000_m400.txt
4.25152e+07	654893030
matrix.txt
529	63257
