MDG-a_10_n500_m50.txt
7654.73	10247243
MDG-a_1_n500_m50.txt
7656.93	10926189
MDG-a_2_n500_m50.txt
7645.59	11907215
MDG-a_3_n500_m50.txt
7596.98	10961346
MDG-a_4_n500_m50.txt
7625.84	11596717
MDG-a_5_n500_m50.txt
7709.98	12384263
MDG-a_6_n500_m50.txt
7606.5	16193005
MDG-a_7_n500_m50.txt
7640.61	16403216
MDG-a_8_n500_m50.txt
7696.14	14418430
MDG-a_9_n500_m50.txt
7562.13	14478257
MDG-b_21_n2000_m200.txt
1.10989e+07	331276469
MDG-b_22_n2000_m200.txt
1.10972e+07	340017323
MDG-b_23_n2000_m200.txt
1.10902e+07	272607185
MDG-b_24_n2000_m200.txt
1.11344e+07	264852829
MDG-b_25_n2000_m200.txt
1.10653e+07	281210688
MDG-b_26_n2000_m200.txt
1.10906e+07	225529600
MDG-b_27_n2000_m200.txt
1.10473e+07	258873013
MDG-b_28_n2000_m200.txt
1.10207e+07	272068960
MDG-b_29_n2000_m200.txt
1.10543e+07	269703260
MDG-b_30_n2000_m200.txt
1.10842e+07	255040509
MDG-c_10_n3000_m400.txt
4.26849e+07	660183091
MDG-c_13_n3000_m500.txt
6.61024e+07	724916887
MDG-c_14_n3000_m500.txt
6.61264e+07	719164165
MDG-c_15_n3000_m500.txt
6.59491e+07	646356031
MDG-c_19_n3000_m600.txt
9.44951e+07	770276074
MDG-c_1_n3000_m300.txt
2.43366e+07	612668023
MDG-c_20_n3000_m600.txt
9.43355e+07	861459079
MDG-c_2_n3000_m300.txt
2.43304e+07	706373295
MDG-c_8_n3000_m400.txt
4.26487e+07	680809540
MDG-c_9_n3000_m400.txt
4.27566e+07	699646854
matrix.txt
529	130096
