MDG-a_10_n500_m50.txt
7639.01	25015013
MDG-a_1_n500_m50.txt
7643.45	23996023
MDG-a_2_n500_m50.txt
7582.4	22956684
MDG-a_3_n500_m50.txt
7645.18	23378317
MDG-a_4_n500_m50.txt
7689.59	22371604
MDG-a_5_n500_m50.txt
7631.65	24475600
MDG-a_6_n500_m50.txt
7637.05	25164532
MDG-a_7_n500_m50.txt
7713.23	26614430
MDG-a_8_n500_m50.txt
7699.02	24450354
MDG-a_9_n500_m50.txt
7671.83	23176651
MDG-b_21_n2000_m200.txt
1.10825e+07	592539994
MDG-b_22_n2000_m200.txt
1.10942e+07	614029617
MDG-b_23_n2000_m200.txt
1.11519e+07	645273584
MDG-b_24_n2000_m200.txt
1.1071e+07	636728316
MDG-b_25_n2000_m200.txt
1.10463e+07	656037960
MDG-b_26_n2000_m200.txt
1.10787e+07	541647172
MDG-b_27_n2000_m200.txt
1.11432e+07	595409907
MDG-b_28_n2000_m200.txt
1.10123e+07	516951958
MDG-b_29_n2000_m200.txt
1.10698e+07	570155555
MDG-b_30_n2000_m200.txt
1.11072e+07	517707279
MDG-c_10_n3000_m400.txt
4.2717e+07	2132342980
MDG-c_13_n3000_m500.txt
6.60409e+07	2936227694
MDG-c_14_n3000_m500.txt
6.61649e+07	3568570402
MDG-c_15_n3000_m500.txt
6.60662e+07	3337638931
MDG-c_19_n3000_m600.txt
9.44132e+07	3551448301
MDG-c_1_n3000_m300.txt
2.4409e+07	1493655506
MDG-c_20_n3000_m600.txt
9.44019e+07	3780471728
MDG-c_2_n3000_m300.txt
2.43999e+07	1448175913
MDG-c_8_n3000_m400.txt
4.2779e+07	1972248315
MDG-c_9_n3000_m400.txt
4.27818e+07	2096227116
matrix.txt
529	125983
